2025-12-11 16:42:57,475 - INFO - Creating app
2025-12-11 16:43:03,217 - INFO - Welcome to home page
2025-12-11 16:45:19,478 - INFO - Welcome to home page
2025-12-11 16:45:47,206 - INFO - Welcome to home page
2025-12-11 16:46:18,768 - INFO - Welcome to home page
2025-12-11 16:46:19,334 - INFO - Welcome to home page
2025-12-11 16:46:35,049 - INFO - Welcome to home page
2025-12-11 16:46:50,764 - INFO - Welcome to home page
2025-12-11 16:47:17,047 - INFO - Welcome to home page
2025-12-11 16:47:36,677 - INFO - Welcome to home page
2025-12-11 16:48:56,104 - INFO - Welcome to home page
2025-12-11 16:49:30,872 - INFO - Welcome to home page
2025-12-11 16:49:33,980 - INFO - Welcome to home page
2025-12-11 16:49:49,510 - INFO - Starting login phase
2025-12-11 16:49:50,290 - INFO - Sending otp 732428 to address shwatgal@gmail.com
2025-12-11 16:50:58,921 - INFO - Starting otp validation phase
2025-12-11 16:50:58,921 - INFO - Getting otp from user
2025-12-11 16:50:58,954 - INFO - On Dashboard page
2025-12-11 16:51:47,051 - INFO - On Dashboard page
2025-12-11 16:53:07,331 - INFO - On Dashboard page
2025-12-11 16:54:24,770 - INFO - On Dashboard page
2025-12-11 16:54:35,408 - INFO - On Dashboard page
2025-12-11 16:55:30,478 - INFO - On Dashboard page
2025-12-11 16:56:06,383 - INFO - On Dashboard page
2025-12-11 16:56:32,513 - INFO - On Dashboard page
2025-12-11 16:56:49,873 - INFO - On Dashboard page
2025-12-11 16:57:31,395 - INFO - On Dashboard page
2025-12-11 16:57:59,826 - INFO - On Dashboard page
2025-12-11 16:58:14,144 - INFO - On Dashboard page
2025-12-11 16:58:33,959 - INFO - On Dashboard page
2025-12-11 16:59:26,038 - INFO - On Dashboard page
2025-12-11 16:59:35,895 - INFO - On Dashboard page
2025-12-11 17:00:17,337 - INFO - On Dashboard page
2025-12-11 17:00:42,582 - INFO - On Dashboard page
2025-12-11 17:01:44,550 - INFO - On Dashboard page
2025-12-11 17:01:48,316 - INFO - On Dashboard page
2025-12-11 17:01:58,500 - INFO - On Dashboard page
2025-12-11 17:02:36,323 - INFO - On Dashboard page
2025-12-11 17:02:43,383 - INFO - On Dashboard page
2025-12-11 17:03:02,268 - INFO - On Dashboard page
2025-12-11 17:03:07,097 - INFO - On Dashboard page
2025-12-11 17:03:25,951 - INFO - On Dashboard page
2025-12-11 17:03:41,734 - INFO - On Dashboard page
2025-12-11 17:03:51,145 - INFO - On Dashboard page
2025-12-11 17:03:59,597 - INFO - On Dashboard page
2025-12-11 17:04:09,689 - INFO - On Dashboard page
2025-12-11 17:04:28,762 - INFO - On Dashboard page
2025-12-11 17:05:48,832 - INFO - On Dashboard page
2025-12-11 17:06:09,854 - INFO - On Dashboard page
2025-12-11 17:06:28,480 - INFO - Logged out successfully
2025-12-11 17:13:05,960 - INFO - Starting login phase
2025-12-11 17:13:06,735 - INFO - Sending otp 420903 to address shwatgal@gmail.com
2025-12-11 17:13:20,524 - INFO - Starting otp validation phase
2025-12-11 17:13:20,524 - INFO - Getting otp from user
2025-12-11 17:13:20,533 - INFO - On Dashboard page
2025-12-11 17:14:47,419 - INFO - On Dashboard page
2025-12-11 17:14:56,696 - INFO - On Dashboard page
2025-12-11 17:15:06,420 - INFO - On Dashboard page
2025-12-11 17:15:18,549 - INFO - On Dashboard page
2025-12-11 17:15:35,786 - INFO - On Dashboard page
2025-12-11 17:15:53,347 - INFO - On Dashboard page
2025-12-11 17:16:05,705 - INFO - On Dashboard page
2025-12-11 17:17:35,857 - INFO - On Dashboard page
2025-12-11 17:19:38,422 - INFO - On Dashboard page
2025-12-11 17:21:37,144 - INFO - On Dashboard page
2025-12-11 17:21:57,460 - INFO - Logged out successfully
2025-12-11 17:22:06,261 - INFO - Starting login phase
2025-12-11 17:22:15,400 - INFO - Starting login phase
2025-12-11 17:22:16,166 - INFO - Sending otp 488803 to address shwatgal@gmail.com
2025-12-11 17:22:28,234 - INFO - Starting otp validation phase
2025-12-11 17:22:28,234 - INFO - Getting otp from user
2025-12-11 17:22:28,259 - INFO - On Dashboard page
2025-12-11 17:27:06,904 - INFO - On Dashboard page
2025-12-11 17:45:54,902 - INFO - On Dashboard page
2025-12-11 17:46:05,883 - INFO - On Dashboard page
2025-12-11 17:47:58,940 - INFO - On Dashboard page
2025-12-11 17:53:21,217 - INFO - On Dashboard page
2025-12-11 17:53:29,401 - INFO - On Dashboard page
2025-12-11 17:53:34,453 - INFO - On Dashboard page
2025-12-11 17:53:41,846 - INFO - On Dashboard page
2025-12-11 17:53:57,537 - INFO - Logged out successfully
2025-12-11 17:54:07,808 - INFO - Starting login phase
2025-12-11 17:54:08,543 - INFO - Sending otp 875419 to address shwatgal@gmail.com
2025-12-11 17:54:22,034 - INFO - Starting otp validation phase
2025-12-11 17:54:22,036 - INFO - Getting otp from user
2025-12-11 17:54:22,055 - INFO - On Dashboard page
2025-12-11 17:54:27,787 - INFO - Logged out successfully
2025-12-11 17:55:51,645 - INFO - Starting login phase
2025-12-11 17:55:52,392 - INFO - Sending otp 354600 to address shwatgal@gmail.com
2025-12-11 17:56:03,652 - INFO - Starting otp validation phase
2025-12-11 17:56:03,656 - INFO - Getting otp from user
2025-12-11 17:56:03,672 - INFO - On Dashboard page
